# JRE version: OpenJDK Runtime Environment Temurin-17.0.18+8 (17.0.18+8) (build 17.0.18+8)
# Java VM: OpenJDK 64-Bit Server VM Temurin-17.0.18+8 (17.0.18+8, mixed mode, sharing, tiered, compressed oops, compressed class ptrs, g1 gc, windows-amd64)
GC Precious Log:
 CPUs: 2 total, 2 available
 Memory: 3920M
 Large Page Support: Disabled
 NUMA Support: Disabled
 Compressed Oops: Enabled (32-bit)
 Heap Region Size: 1M
 Heap Min Capacity: 8M
 Heap Initial Capacity: 62M
 Heap Max Capacity: 1536M
 Pre-touch: Disabled
 Parallel Workers: 2
 Concurrent Workers: 1
 Concurrent Refinement Workers: 2
 Periodic GC: Disabled
Heap:
 garbage-first heap   total 578560K, used 220796K [0x00000000a0000000, 0x0000000100000000)
  region size 1024K, 60 young (61440K), 5 survivors (5120K)
 Metaspace       used 159817K, committed 161088K, reserved 622592K
  class space    used 20709K, committed 21312K, reserved 425984K
GC Heap History (20 events):
Event: 1103.312 GC heap before
{Heap before GC invocations=128 (full 0):
 garbage-first heap   total 253952K, used 219349K [0x00000000a0000000, 0x0000000100000000)
  region size 1024K, 20 young (20480K), 3 survivors (3072K)
 Metaspace       used 157942K, committed 159232K, reserved 622592K
  class space    used 20500K, committed 21120K, reserved 425984K
}
Event: 1103.360 GC heap after
{Heap after GC invocations=129 (full 0):
 garbage-first heap   total 253952K, used 206137K [0x00000000a0000000, 0x0000000100000000)
  region size 1024K, 3 young (3072K), 3 survivors (3072K)
 Metaspace       used 157942K, committed 159232K, reserved 622592K
  class space    used 20500K, committed 21120K, reserved 425984K
}
Event: 1105.015 GC heap before
{Heap before GC invocations=129 (full 0):
 garbage-first heap   total 253952K, used 219449K [0x00000000a0000000, 0x0000000100000000)
  region size 1024K, 17 young (17408K), 3 survivors (3072K)
 Metaspace       used 157942K, committed 159232K, reserved 622592K
  class space    used 20500K, committed 21120K, reserved 425984K
}
Event: 1105.087 GC heap after
{Heap after GC invocations=130 (full 0):
 garbage-first heap   total 253952K, used 210944K [0x00000000a0000000, 0x0000000100000000)
  region size 1024K, 3 young (3072K), 3 survivors (3072K)
 Metaspace       used 157942K, committed 159232K, reserved 622592K
  class space    used 20500K, committed 21120K, reserved 425984K
}
Event: 1105.268 GC heap before
{Heap before GC invocations=130 (full 0):
 garbage-first heap   total 253952K, used 218112K [0x00000000a0000000, 0x0000000100000000)
  region size 1024K, 5 young (5120K), 3 survivors (3072K)
 Metaspace       used 157943K, committed 159232K, reserved 622592K
  class space    used 20500K, committed 21120K, reserved 425984K
}
Event: 1105.317 GC heap after
{Heap after GC invocations=131 (full 0):
 garbage-first heap   total 253952K, used 214670K [0x00000000a0000000, 0x0000000100000000)
  region size 1024K, 1 young (1024K), 1 survivors (1024K)
 Metaspace       used 157943K, committed 159232K, reserved 622592K
  class space    used 20500K, committed 21120K, reserved 425984K
}
Event: 1106.416 GC heap before
{Heap before GC invocations=131 (full 0):
 garbage-first heap   total 253952K, used 227982K [0x00000000a0000000, 0x0000000100000000)
  region size 1024K, 12 young (12288K), 1 survivors (1024K)
 Metaspace       used 157943K, committed 159232K, reserved 622592K
  class space    used 20500K, committed 21120K, reserved 425984K
}
Event: 1106.460 GC heap after
{Heap after GC invocations=132 (full 0):
 garbage-first heap   total 253952K, used 221827K [0x00000000a0000000, 0x0000000100000000)
  region size 1024K, 2 young (2048K), 2 survivors (2048K)
 Metaspace       used 157943K, committed 159232K, reserved 622592K
  class space    used 20500K, committed 21120K, reserved 425984K
}
Event: 1110.576 GC heap before
{Heap before GC invocations=133 (full 0):
 garbage-first heap   total 329728K, used 206467K [0x00000000a0000000, 0x0000000100000000)
  region size 1024K, 16 young (16384K), 2 survivors (2048K)
 Metaspace       used 157913K, committed 159232K, reserved 622592K
  class space    used 20489K, committed 21120K, reserved 425984K
}
Event: 1110.641 GC heap after
{Heap after GC invocations=134 (full 0):
 garbage-first heap   total 329728K, used 198656K [0x00000000a0000000, 0x0000000100000000)
  region size 1024K, 2 young (2048K), 2 survivors (2048K)
 Metaspace       used 157913K, committed 159232K, reserved 622592K
  class space    used 20489K, committed 21120K, reserved 425984K
}
Event: 1111.924 GC heap before
{Heap before GC invocations=134 (full 0):
 garbage-first heap   total 329728K, used 220160K [0x00000000a0000000, 0x0000000100000000)
  region size 1024K, 16 young (16384K), 2 survivors (2048K)
 Metaspace       used 157914K, committed 159232K, reserved 622592K
  class space    used 20489K, committed 21120K, reserved 425984K
}
Event: 1111.986 GC heap after
{Heap after GC invocations=135 (full 0):
 garbage-first heap   total 578560K, used 168207K [0x00000000a0000000, 0x0000000100000000)
  region size 1024K, 2 young (2048K), 2 survivors (2048K)
 Metaspace       used 157914K, committed 159232K, reserved 622592K
  class space    used 20489K, committed 21120K, reserved 425984K
}
Event: 1114.009 GC heap before
{Heap before GC invocations=135 (full 0):
 garbage-first heap   total 578560K, used 193807K [0x00000000a0000000, 0x0000000100000000)
  region size 1024K, 28 young (28672K), 2 survivors (2048K)
 Metaspace       used 157922K, committed 159232K, reserved 622592K
  class space    used 20489K, committed 21120K, reserved 425984K
}
Event: 1114.112 GC heap after
{Heap after GC invocations=136 (full 0):
 garbage-first heap   total 578560K, used 150528K [0x00000000a0000000, 0x0000000100000000)
  region size 1024K, 4 young (4096K), 4 survivors (4096K)
 Metaspace       used 157922K, committed 159232K, reserved 622592K
  class space    used 20489K, committed 21120K, reserved 425984K
}
Event: 1116.651 GC heap before
{Heap before GC invocations=136 (full 0):
 garbage-first heap   total 578560K, used 236544K [0x00000000a0000000, 0x0000000100000000)
  region size 1024K, 72 young (73728K), 4 survivors (4096K)
 Metaspace       used 157946K, committed 159232K, reserved 622592K
  class space    used 20491K, committed 21120K, reserved 425984K
}
Event: 1116.797 GC heap after
{Heap after GC invocations=137 (full 0):
 garbage-first heap   total 578560K, used 161280K [0x00000000a0000000, 0x0000000100000000)
  region size 1024K, 9 young (9216K), 9 survivors (9216K)
 Metaspace       used 157946K, committed 159232K, reserved 622592K
  class space    used 20491K, committed 21120K, reserved 425984K
}
Event: 1118.544 GC heap before
{Heap before GC invocations=137 (full 0):
 garbage-first heap   total 578560K, used 195072K [0x00000000a0000000, 0x0000000100000000)
  region size 1024K, 42 young (43008K), 9 survivors (9216K)
 Metaspace       used 157949K, committed 159232K, reserved 622592K
  class space    used 20491K, committed 21120K, reserved 425984K
}
Event: 1118.640 GC heap after
{Heap after GC invocations=138 (full 0):
 garbage-first heap   total 578560K, used 162816K [0x00000000a0000000, 0x0000000100000000)
  region size 1024K, 1 young (1024K), 1 survivors (1024K)
 Metaspace       used 157949K, committed 159232K, reserved 622592K
  class space    used 20491K, committed 21120K, reserved 425984K
}
Event: 1130.932 GC heap before
{Heap before GC invocations=138 (full 0):
 garbage-first heap   total 578560K, used 262144K [0x00000000a0000000, 0x0000000100000000)
  region size 1024K, 99 young (101376K), 1 survivors (1024K)
 Metaspace       used 159554K, committed 160832K, reserved 622592K
  class space    used 20682K, committed 21312K, reserved 425984K
}
Event: 1130.963 GC heap after
{Heap after GC invocations=139 (full 0):
 garbage-first heap   total 578560K, used 166524K [0x00000000a0000000, 0x0000000100000000)
  region size 1024K, 5 young (5120K), 5 survivors (5120K)
 Metaspace       used 159554K, committed 160832K, reserved 622592K
  class space    used 20682K, committed 21312K, reserved 425984K
}

